0 info it worked if it ends with ok
1 verbose cli [ '/Users/danwebb/.nvm/versions/node/v6.10.3/bin/node',
1 verbose cli   '/Users/danwebb/.nvm/versions/node/v6.10.3/bin/npm',
1 verbose cli   'run',
1 verbose cli   'example' ]
2 info using npm@3.10.10
3 info using node@v6.10.3
4 verbose run-script [ 'preexample', 'example', 'postexample' ]
5 info lifecycle jdown@1.0.0~preexample: jdown@1.0.0
6 silly lifecycle jdown@1.0.0~preexample: no script for preexample, continuing
7 info lifecycle jdown@1.0.0~example: jdown@1.0.0
8 verbose lifecycle jdown@1.0.0~example: unsafe-perm in lifecycle true
9 verbose lifecycle jdown@1.0.0~example: PATH: /Users/danwebb/.nvm/versions/node/v6.10.3/lib/node_modules/npm/bin/node-gyp-bin:/Users/danwebb/Documents/personal-projects/jdown/lib/node_modules/.bin:/Users/danwebb/.nvm/versions/node/v6.10.3/bin:/Users/danwebb/.rvm/gems/ruby-2.3.1/bin:/Users/danwebb/.rvm/gems/ruby-2.3.1@global/bin:/Users/danwebb/.rvm/rubies/ruby-2.3.1/bin:/Users/danwebb/.themekit:/Users/danwebb/Library/Python/2.7/bin:/usr/local/bin:/usr/bin:/bin:/usr/sbin:/sbin:/Users/danwebb/.rvm/bin
10 verbose lifecycle jdown@1.0.0~example: CWD: /Users/danwebb/Documents/personal-projects/jdown/lib
11 silly lifecycle jdown@1.0.0~example: Args: [ '-c', 'tsc && node example' ]
12 silly lifecycle jdown@1.0.0~example: Returned: code: 1  signal: null
13 info lifecycle jdown@1.0.0~example: Failed to exec example script
14 verbose stack Error: jdown@1.0.0 example: `tsc && node example`
14 verbose stack Exit status 1
14 verbose stack     at EventEmitter.<anonymous> (/Users/danwebb/.nvm/versions/node/v6.10.3/lib/node_modules/npm/lib/utils/lifecycle.js:255:16)
14 verbose stack     at emitTwo (events.js:106:13)
14 verbose stack     at EventEmitter.emit (events.js:191:7)
14 verbose stack     at ChildProcess.<anonymous> (/Users/danwebb/.nvm/versions/node/v6.10.3/lib/node_modules/npm/lib/utils/spawn.js:40:14)
14 verbose stack     at emitTwo (events.js:106:13)
14 verbose stack     at ChildProcess.emit (events.js:191:7)
14 verbose stack     at maybeClose (internal/child_process.js:886:16)
14 verbose stack     at Process.ChildProcess._handle.onexit (internal/child_process.js:226:5)
15 verbose pkgid jdown@1.0.0
16 verbose cwd /Users/danwebb/Documents/personal-projects/jdown/lib
17 error Darwin 18.0.0
18 error argv "/Users/danwebb/.nvm/versions/node/v6.10.3/bin/node" "/Users/danwebb/.nvm/versions/node/v6.10.3/bin/npm" "run" "example"
19 error node v6.10.3
20 error npm  v3.10.10
21 error code ELIFECYCLE
22 error jdown@1.0.0 example: `tsc && node example`
22 error Exit status 1
23 error Failed at the jdown@1.0.0 example script 'tsc && node example'.
23 error Make sure you have the latest version of node.js and npm installed.
23 error If you do, this is most likely a problem with the jdown package,
23 error not with npm itself.
23 error Tell the author that this fails on your system:
23 error     tsc && node example
23 error You can get information on how to open an issue for this project with:
23 error     npm bugs jdown
23 error Or if that isn't available, you can get their info via:
23 error     npm owner ls jdown
23 error There is likely additional logging output above.
24 verbose exit [ 1, true ]
